<?xml version="1.0" encoding="UTF-8"?>
<!-- Generated by org.testng.reporters.JUnitXMLReporter -->
<testsuite ignored="0" hostname="DESKTOP-DUVAA0T" failures="0" tests="2" name="Practice Automation Test" time="71.374" errors="0" timestamp="2025-11-12T12:28:28 IST">
  <testcase classname="com.PracticeAutomation.tests.RegisterTest" name="registerTest" time="22.669"/>
  <testcase classname="com.PracticeAutomation.tests.LoginTest" name="loginTest" time="23.749"/>
</testsuite> <!-- Practice Automation Test -->
