<?xml version="1.0" encoding="UTF-8"?>
<!-- Generated by org.testng.reporters.JUnitXMLReporter -->
<testsuite ignored="0" hostname="DESKTOP-DUVAA0T" failures="0" tests="2" name="Practice Automation Test" time="40.391" errors="0" timestamp="2025-11-10T16:00:06 IST">
  <testcase classname="com.PracticeAutomation.tests.RegisterTest" name="registerTest" time="8.515"/>
  <testcase classname="com.PracticeAutomation.tests.LoginTest" name="loginTest" time="8.389"/>
</testsuite> <!-- Practice Automation Test -->
