<?xml version="1.0" encoding="UTF-8"?>
<testng-results ignored="0" total="2" passed="2" failed="0" skipped="0">
  <reporter-output>
  </reporter-output>
  <suite started-at="2025-11-10T15:59:26 IST" name="Suite" finished-at="2025-11-10T16:00:06 IST" duration-ms="40391">
    <groups>
    </groups>
    <test started-at="2025-11-10T15:59:26 IST" name="Practice Automation Test" finished-at="2025-11-10T16:00:06 IST" duration-ms="40391">
      <class name="com.PracticeAutomation.tests.LoginTest">
        <test-method is-config="true" signature="setUp()[pri:0, instance:com.PracticeAutomation.tests.LoginTest@2eee3069]" started-at="2025-11-10T15:59:26 IST" name="setUp" finished-at="2025-11-10T15:59:57 IST" duration-ms="31322" status="PASS">
          <reporter-output>
          </reporter-output>
        </test-method> <!-- setUp -->
        <test-method signature="loginTest()[pri:0, instance:com.PracticeAutomation.tests.LoginTest@2eee3069]" started-at="2025-11-10T15:59:57 IST" name="loginTest" finished-at="2025-11-10T16:00:05 IST" duration-ms="8389" status="PASS">
          <reporter-output>
          </reporter-output>
        </test-method> <!-- loginTest -->
        <test-method is-config="true" signature="tearDown()[pri:0, instance:com.PracticeAutomation.tests.LoginTest@2eee3069]" started-at="2025-11-10T16:00:05 IST" name="tearDown" finished-at="2025-11-10T16:00:06 IST" duration-ms="553" status="PASS">
          <reporter-output>
          </reporter-output>
        </test-method> <!-- tearDown -->
      </class> <!-- com.PracticeAutomation.tests.LoginTest -->
      <class name="com.PracticeAutomation.tests.RegisterTest">
        <test-method is-config="true" signature="setUp()[pri:0, instance:com.PracticeAutomation.tests.RegisterTest@b1712f3]" started-at="2025-11-10T15:59:26 IST" name="setUp" finished-at="2025-11-10T15:59:49 IST" duration-ms="23620" status="PASS">
          <reporter-output>
          </reporter-output>
        </test-method> <!-- setUp -->
        <test-method signature="registerTest()[pri:0, instance:com.PracticeAutomation.tests.RegisterTest@b1712f3]" started-at="2025-11-10T15:59:49 IST" name="registerTest" finished-at="2025-11-10T15:59:58 IST" duration-ms="8515" status="PASS">
          <reporter-output>
          </reporter-output>
        </test-method> <!-- registerTest -->
        <test-method is-config="true" signature="tearDown()[pri:0, instance:com.PracticeAutomation.tests.RegisterTest@b1712f3]" started-at="2025-11-10T15:59:58 IST" name="tearDown" finished-at="2025-11-10T15:59:59 IST" duration-ms="397" status="PASS">
          <reporter-output>
          </reporter-output>
        </test-method> <!-- tearDown -->
      </class> <!-- com.PracticeAutomation.tests.RegisterTest -->
    </test> <!-- Practice Automation Test -->
  </suite> <!-- Suite -->
</testng-results>
